<?xml version="1.0" encoding="UTF-8"?>
<!-- Generated by org.testng.reporters.JUnitXMLReporter -->
<testsuite ignored="25" hostname="DESKTOP-EGEH07G" failures="0" tests="1" name="NC1 - Verify Name Field - Name cannot be empty" time="34.364" errors="0" timestamp="26 Dec 2022 10:01:57 GMT">
  <testcase classname="com.bankguru.qaautomation.tests.NewCustomerTest" name="NC1" time="3.516"/>
  <testcase classname="com.bankguru.qaautomation.tests.NewCustomerTest" name="NC4" time="0.0">
    <ignored/>
  </testcase> <!-- NC4 -->
  <testcase classname="com.bankguru.qaautomation.tests.NewCustomerTest" name="NC20" time="0.0">
    <ignored/>
  </testcase> <!-- NC20 -->
  <testcase classname="com.bankguru.qaautomation.tests.NewCustomerTest" name="NC23" time="0.0">
    <ignored/>
  </testcase> <!-- NC23 -->
  <testcase classname="com.bankguru.qaautomation.tests.NewCustomerTest" name="NC22" time="0.0">
    <ignored/>
  </testcase> <!-- NC22 -->
  <testcase classname="com.bankguru.qaautomation.tests.NewCustomerTest" name="NC25" time="0.0">
    <ignored/>
  </testcase> <!-- NC25 -->
  <testcase classname="com.bankguru.qaautomation.tests.NewCustomerTest" name="NC24" time="0.0">
    <ignored/>
  </testcase> <!-- NC24 -->
  <testcase classname="com.bankguru.qaautomation.tests.NewCustomerTest" name="NC2" time="0.0">
    <ignored/>
  </testcase> <!-- NC2 -->
  <testcase classname="com.bankguru.qaautomation.tests.NewCustomerTest" name="NC27" time="0.0">
    <ignored/>
  </testcase> <!-- NC27 -->
  <testcase classname="com.bankguru.qaautomation.tests.NewCustomerTest" name="NC26" time="0.0">
    <ignored/>
  </testcase> <!-- NC26 -->
  <testcase classname="com.bankguru.qaautomation.tests.NewCustomerTest" name="NC3" time="0.0">
    <ignored/>
  </testcase> <!-- NC3 -->
  <testcase classname="com.bankguru.qaautomation.tests.NewCustomerTest" name="NC28" time="0.0">
    <ignored/>
  </testcase> <!-- NC28 -->
  <testcase classname="com.bankguru.qaautomation.tests.NewCustomerTest" name="NC8" time="0.0">
    <ignored/>
  </testcase> <!-- NC8 -->
  <testcase classname="com.bankguru.qaautomation.tests.NewCustomerTest" name="NC9" time="0.0">
    <ignored/>
  </testcase> <!-- NC9 -->
  <testcase classname="com.bankguru.qaautomation.tests.NewCustomerTest" name="NC5" time="0.0">
    <ignored/>
  </testcase> <!-- NC5 -->
  <testcase classname="com.bankguru.qaautomation.tests.NewCustomerTest" name="NC6" time="0.0">
    <ignored/>
  </testcase> <!-- NC6 -->
  <testcase classname="com.bankguru.qaautomation.tests.NewCustomerTest" name="NC10" time="0.0">
    <ignored/>
  </testcase> <!-- NC10 -->
  <testcase classname="com.bankguru.qaautomation.tests.NewCustomerTest" name="NC12" time="0.0">
    <ignored/>
  </testcase> <!-- NC12 -->
  <testcase classname="com.bankguru.qaautomation.tests.NewCustomerTest" name="NC11" time="0.0">
    <ignored/>
  </testcase> <!-- NC11 -->
  <testcase classname="com.bankguru.qaautomation.tests.NewCustomerTest" name="NC14" time="0.0">
    <ignored/>
  </testcase> <!-- NC14 -->
  <testcase classname="com.bankguru.qaautomation.tests.NewCustomerTest" name="NC13" time="0.0">
    <ignored/>
  </testcase> <!-- NC13 -->
  <testcase classname="com.bankguru.qaautomation.tests.NewCustomerTest" name="NC16" time="0.0">
    <ignored/>
  </testcase> <!-- NC16 -->
  <testcase classname="com.bankguru.qaautomation.tests.NewCustomerTest" name="NC15" time="0.0">
    <ignored/>
  </testcase> <!-- NC15 -->
  <testcase classname="com.bankguru.qaautomation.tests.NewCustomerTest" name="NC18" time="0.0">
    <ignored/>
  </testcase> <!-- NC18 -->
  <testcase classname="com.bankguru.qaautomation.tests.NewCustomerTest" name="NC17" time="0.0">
    <ignored/>
  </testcase> <!-- NC17 -->
  <testcase classname="com.bankguru.qaautomation.tests.NewCustomerTest" name="NC19" time="0.0">
    <ignored/>
  </testcase> <!-- NC19 -->
</testsuite> <!-- NC1 - Verify Name Field - Name cannot be empty -->
