<?xml version="1.0" encoding="UTF-8"?>
<testng-results ignored="25" total="26" passed="1" failed="0" skipped="0">
  <reporter-output>
    <line>
      <![CDATA[[INFO ] [2022-12-26 17:01:22,956] Loaded properties from resource file, filename = C:\Users\nqthai\eclipse-workspace\qa-bankguru\src\main\resources\config\automation.properties
<br>]]>
    </line>
    <line>
      <![CDATA[[INFO ] [2022-12-26 17:01:25,489] Loaded properties from resource file, filename = C:\Users\nqthai\eclipse-workspace\qa-bankguru\src\main\resources\config\automation.properties
<br>]]>
    </line>
    <line>
      <![CDATA[[INFO ] [2022-12-26 17:01:41,496] *** Before Method ***
<br>]]>
    </line>
    <line>
      <![CDATA[[INFO ] [2022-12-26 17:01:41,503] Step 1: Action: Login with username and password valid.
<br>]]>
    </line>
    <line>
      <![CDATA[[INFO ] [2022-12-26 17:01:41,504] Loaded properties from resource file, filename = C:\Users\nqthai\eclipse-workspace\qa-bankguru\src\main\resources\config\automation.properties
<br>]]>
    </line>
    <line>
      <![CDATA[[INFO ] [2022-12-26 17:01:41,764] Loaded properties from resource file, filename = C:\Users\nqthai\eclipse-workspace\qa-bankguru\src\main\resources\config\automation.properties
<br>]]>
    </line>
    <line>
      <![CDATA[[INFO ] [2022-12-26 17:01:47,926] *** NC1 - Verify Name Field - Name cannot be empty ***
<br>]]>
    </line>
    <line>
      <![CDATA[[INFO ] [2022-12-26 17:01:47,927] Step 1: Action: Do not enter a value in Name field and press TAB.
<br>]]>
    </line>
    <line>
      <![CDATA[[INFO ] [2022-12-26 17:01:51,126] Step 1: Expected Result: An error message 'Customer name must not be blank' must shown.
<br>]]>
    </line>
    <line>
      <![CDATA[[INFO ] [2022-12-26 17:01:51,334] ***** Passed Test Case NC1 *****
<br>]]>
    </line>
    <line>
      <![CDATA[[INFO ] [2022-12-26 17:01:51,343] Attempting reset, url=https://demo.guru99.com/V4/manager/addcustomerpage.php
<br>]]>
    </line>
  </reporter-output>
  <suite started-at="2022-12-26T10:01:22Z" name="Suite" finished-at="2022-12-26T10:01:57Z" duration-ms="34364">
    <groups>
    </groups>
    <test started-at="2022-12-26T10:01:22Z" name="NC1 - Verify Name Field - Name cannot be empty" finished-at="2022-12-26T10:01:57Z" duration-ms="34364">
      <class name="com.bankguru.qaautomation.tests.NewCustomerTest">
        <test-method is-config="true" signature="setUp()[pri:0, instance:com.bankguru.qaautomation.tests.NewCustomerTest@3c6aa04a]" started-at="2022-12-26T10:01:22Z" name="setUp" finished-at="2022-12-26T10:01:47Z" duration-ms="24600" status="PASS">
          <reporter-output>
            <line>
              <![CDATA[[INFO ] [2022-12-26 17:01:22,956] Loaded properties from resource file, filename = C:\Users\nqthai\eclipse-workspace\qa-bankguru\src\main\resources\config\automation.properties
<br>]]>
            </line>
            <line>
              <![CDATA[[INFO ] [2022-12-26 17:01:25,489] Loaded properties from resource file, filename = C:\Users\nqthai\eclipse-workspace\qa-bankguru\src\main\resources\config\automation.properties
<br>]]>
            </line>
            <line>
              <![CDATA[[INFO ] [2022-12-26 17:01:41,496] *** Before Method ***
<br>]]>
            </line>
            <line>
              <![CDATA[[INFO ] [2022-12-26 17:01:41,503] Step 1: Action: Login with username and password valid.
<br>]]>
            </line>
            <line>
              <![CDATA[[INFO ] [2022-12-26 17:01:41,504] Loaded properties from resource file, filename = C:\Users\nqthai\eclipse-workspace\qa-bankguru\src\main\resources\config\automation.properties
<br>]]>
            </line>
            <line>
              <![CDATA[[INFO ] [2022-12-26 17:01:41,764] Loaded properties from resource file, filename = C:\Users\nqthai\eclipse-workspace\qa-bankguru\src\main\resources\config\automation.properties
<br>]]>
            </line>
          </reporter-output>
        </test-method> <!-- setUp -->
        <test-method is-config="true" signature="beforeMethod()[pri:0, instance:com.bankguru.qaautomation.tests.NewCustomerTest@3c6aa04a]" started-at="2022-12-26T10:01:47Z" name="beforeMethod" finished-at="2022-12-26T10:01:47Z" duration-ms="122" status="PASS">
          <reporter-output>
          </reporter-output>
        </test-method> <!-- beforeMethod -->
        <test-method signature="NC1()[pri:0, instance:com.bankguru.qaautomation.tests.NewCustomerTest@3c6aa04a]" started-at="2022-12-26T10:01:47Z" name="NC1" description="NewCustomer - Verify Name Field - Name cannot be empty." finished-at="2022-12-26T10:01:51Z" duration-ms="3516" status="PASS">
          <reporter-output>
            <line>
              <![CDATA[[INFO ] [2022-12-26 17:01:47,926] *** NC1 - Verify Name Field - Name cannot be empty ***
<br>]]>
            </line>
            <line>
              <![CDATA[[INFO ] [2022-12-26 17:01:47,927] Step 1: Action: Do not enter a value in Name field and press TAB.
<br>]]>
            </line>
            <line>
              <![CDATA[[INFO ] [2022-12-26 17:01:51,126] Step 1: Expected Result: An error message 'Customer name must not be blank' must shown.
<br>]]>
            </line>
          </reporter-output>
        </test-method> <!-- NC1 -->
        <test-method is-config="true" signature="tearDown(org.testng.ITestResult)[pri:0, instance:com.bankguru.qaautomation.tests.NewCustomerTest@3c6aa04a]" started-at="2022-12-26T10:01:51Z" name="tearDown" finished-at="2022-12-26T10:01:57Z" duration-ms="5898" status="PASS">
          <params>
            <param index="0">
              <value>
                <![CDATA[[TestResult name=NC1 status=SUCCESS method=NewCustomerTest.NC1()[pri:0, instance:com.bankguru.qaautomation.tests.NewCustomerTest@3c6aa04a] output=[INFO ] [2022-12-26 17:01:47,926] *** NC1 - Verify Name Field - Name cannot be empty ***
<br>]]]>
              </value>
            </param>
          </params>
          <reporter-output>
            <line>
              <![CDATA[[INFO ] [2022-12-26 17:01:51,334] ***** Passed Test Case NC1 *****
<br>]]>
            </line>
            <line>
              <![CDATA[[INFO ] [2022-12-26 17:01:51,343] Attempting reset, url=https://demo.guru99.com/V4/manager/addcustomerpage.php
<br>]]>
            </line>
          </reporter-output>
        </test-method> <!-- tearDown -->
      </class> <!-- com.bankguru.qaautomation.tests.NewCustomerTest -->
    </test> <!-- NC1 - Verify Name Field - Name cannot be empty -->
  </suite> <!-- Suite -->
</testng-results>
